-------------------------------------------------------------------------------
Test set: ejercicios.Ejercicio021Test
-------------------------------------------------------------------------------
Tests run: 4, Failures: 0, Errors: 1, Skipped: 0, Time elapsed: 0.008 s <<< FAILURE! -- in ejercicios.Ejercicio021Test
ejercicios.Ejercicio021Test.testCasosEspeciales -- Time elapsed: 0.003 s <<< ERROR!
java.lang.NullPointerException: Cannot invoke "String.toLowerCase()" because "texto" is null
	at ejercicios.Ejercicio021.contarVocales(Ejercicio021.java:8)
	at ejercicios.Ejercicio021Test.testCasosEspeciales(Ejercicio021Test.java:33)
	at java.base/java.lang.reflect.Method.invoke(Method.java:580)
	at java.base/java.util.ArrayList.forEach(ArrayList.java:1596)
	at java.base/java.util.ArrayList.forEach(ArrayList.java:1596)

