-------------------------------------------------------------------------------
Test set: ejercicios.Ejercicio022Test
-------------------------------------------------------------------------------
Tests run: 1, Failures: 0, Errors: 1, Skipped: 0, Time elapsed: 0.007 s <<< FAILURE! -- in ejercicios.Ejercicio022Test
ejercicios.Ejercicio022Test.testMenuSumaYSalir -- Time elapsed: 0.006 s <<< ERROR!
java.util.NoSuchElementException
	at java.base/java.util.Scanner.throwFor(Scanner.java:945)
	at java.base/java.util.Scanner.next(Scanner.java:1602)
	at java.base/java.util.Scanner.nextInt(Scanner.java:2267)
	at java.base/java.util.Scanner.nextInt(Scanner.java:2221)
	at ejercicios.Ejercicio022.mostrarMenu(Ejercicio022.java:20)
	at ejercicios.Ejercicio022Test.testMenuSumaYSalir(Ejercicio022Test.java:28)
	at java.base/java.lang.reflect.Method.invoke(Method.java:580)
	at java.base/java.util.ArrayList.forEach(ArrayList.java:1596)
	at java.base/java.util.ArrayList.forEach(ArrayList.java:1596)

